<?xml version="1.0" encoding="UTF-8"?>
<robot generator="Robot 3.1.2 (Python 3.8.1 on win32)" generated="20200108 23:48:45.259" rpa="false">
<suite id="s1" name="testSuite1" source="D:\Python\RobotProject1\testFolder\testSuite1.robot">
<kw name="Log" library="BuiltIn" type="setup">
<doc>Logs the given message with the given level.</doc>
<arguments>
<arg>Test Suite Setup</arg>
</arguments>
<msg timestamp="20200108 23:48:45.490" level="INFO">Test Suite Setup</msg>
<status status="PASS" starttime="20200108 23:48:45.490" endtime="20200108 23:48:45.490"></status>
</kw>
<test id="s1-t1" name="MyFirstTest1">
<kw name="Log" library="BuiltIn" type="setup">
<doc>Logs the given message with the given level.</doc>
<arguments>
<arg>Test Case Setup</arg>
</arguments>
<msg timestamp="20200108 23:48:45.491" level="INFO">Test Case Setup</msg>
<status status="PASS" starttime="20200108 23:48:45.491" endtime="20200108 23:48:45.491"></status>
</kw>
<kw name="Log" library="BuiltIn">
<doc>Logs the given message with the given level.</doc>
<arguments>
<arg>Hello World1..</arg>
</arguments>
<msg timestamp="20200108 23:48:45.491" level="INFO">Hello World1..</msg>
<status status="PASS" starttime="20200108 23:48:45.491" endtime="20200108 23:48:45.492"></status>
</kw>
<kw name="Log" library="BuiltIn" type="teardown">
<doc>Logs the given message with the given level.</doc>
<arguments>
<arg>Test Case Teardown</arg>
</arguments>
<msg timestamp="20200108 23:48:45.492" level="INFO">Test Case Teardown</msg>
<status status="PASS" starttime="20200108 23:48:45.492" endtime="20200108 23:48:45.492"></status>
</kw>
<tags>
<tag>smoke</tag>
</tags>
<status status="PASS" starttime="20200108 23:48:45.490" endtime="20200108 23:48:45.493" critical="yes"></status>
</test>
<test id="s1-t2" name="MyFirstTest2">
<kw name="Log" library="BuiltIn" type="setup">
<doc>Logs the given message with the given level.</doc>
<arguments>
<arg>Test Case Setup</arg>
</arguments>
<msg timestamp="20200108 23:48:45.494" level="INFO">Test Case Setup</msg>
<status status="PASS" starttime="20200108 23:48:45.494" endtime="20200108 23:48:45.495"></status>
</kw>
<kw name="Log" library="BuiltIn">
<doc>Logs the given message with the given level.</doc>
<arguments>
<arg>Hello World2..</arg>
</arguments>
<msg timestamp="20200108 23:48:45.495" level="INFO">Hello World2..</msg>
<status status="PASS" starttime="20200108 23:48:45.495" endtime="20200108 23:48:45.495"></status>
</kw>
<kw name="Set Tags" library="BuiltIn">
<doc>Adds given ``tags`` for the current test or all tests in a suite.</doc>
<arguments>
<arg>functional</arg>
</arguments>
<msg timestamp="20200108 23:48:45.496" level="INFO">Set tag 'functional'.</msg>
<status status="PASS" starttime="20200108 23:48:45.496" endtime="20200108 23:48:45.496"></status>
</kw>
<kw name="Log" library="BuiltIn" type="teardown">
<doc>Logs the given message with the given level.</doc>
<arguments>
<arg>Test Case Teardown</arg>
</arguments>
<msg timestamp="20200108 23:48:45.497" level="INFO">Test Case Teardown</msg>
<status status="PASS" starttime="20200108 23:48:45.496" endtime="20200108 23:48:45.497"></status>
</kw>
<tags>
<tag>functional</tag>
<tag>TotalDefaultTag</tag>
</tags>
<status status="PASS" starttime="20200108 23:48:45.494" endtime="20200108 23:48:45.497" critical="yes"></status>
</test>
<kw name="Log" library="BuiltIn" type="teardown">
<doc>Logs the given message with the given level.</doc>
<arguments>
<arg>Test Suite Teardown</arg>
</arguments>
<msg timestamp="20200108 23:48:45.499" level="INFO">Test Suite Teardown</msg>
<status status="PASS" starttime="20200108 23:48:45.499" endtime="20200108 23:48:45.499"></status>
</kw>
<status status="PASS" starttime="20200108 23:48:45.275" endtime="20200108 23:48:45.499"></status>
</suite>
<statistics>
<total>
<stat pass="2" fail="0">Critical Tests</stat>
<stat pass="2" fail="0">All Tests</stat>
</total>
<tag>
<stat pass="1" fail="0">functional</stat>
<stat pass="1" fail="0">smoke</stat>
<stat pass="1" fail="0">TotalDefaultTag</stat>
</tag>
<suite>
<stat pass="2" fail="0" id="s1" name="testSuite1">testSuite1</stat>
</suite>
</statistics>
<errors>
</errors>
</robot>
